<?xml version="1.0" encoding="UTF-8"?>
<!-- Generated by org.testng.reporters.JUnitReportReporter -->
<testsuite hostname="DESKTOP-SRHFCHF" failures="0" tests="2" name="testng.Annotation2" time="9.718" errors="0" timestamp="2024-11-16T15:43:53 IST" skipped="0">
  <testcase classname="testng.Annotation2" name="mobile" time="5.178"/>
  <testcase classname="testng.Annotation2" name="shoes" time="4.540"/>
</testsuite> <!-- testng.Annotation2 -->
