<?xml version="1.0" encoding="UTF-8"?>
<!-- Generated by org.testng.reporters.JUnitReportReporter -->
<testsuite hostname="DESKTOP-SRHFCHF" failures="0" tests="5" name="testng.GoogleSearch" time="10.555" errors="0" timestamp="2024-11-16T17:44:00 IST" skipped="0">
  <testcase classname="testng.GoogleSearch" name="Search" time="2.071"/>
  <testcase classname="testng.GoogleSearch" name="Search" time="2.903"/>
  <testcase classname="testng.GoogleSearch" name="Search" time="0.662"/>
  <testcase classname="testng.GoogleSearch" name="Search" time="4.344"/>
  <testcase classname="testng.GoogleSearch" name="Search" time="0.575"/>
</testsuite> <!-- testng.GoogleSearch -->
