<?xml version="1.0" encoding="UTF-8"?>
<!-- Generated by org.testng.reporters.JUnitReportReporter -->
<testsuite hostname="DESKTOP-SRHFCHF" failures="0" tests="2" name="testng.WindowHandling" time="15.305" errors="0" timestamp="2024-11-16T16:54:19 IST" skipped="0">
  <testcase classname="testng.WindowHandling" name="mobile" time="6.856"/>
  <testcase classname="testng.WindowHandling" name="shoes" time="8.449"/>
</testsuite> <!-- testng.WindowHandling -->
