<?xml version="1.0" encoding="UTF-8"?>
<!-- Generated by org.testng.reporters.JUnitReportReporter -->
<testsuite hostname="DESKTOP-SRHFCHF" failures="0" tests="2" name="testng.Annotations" time="17.286" errors="0" timestamp="2024-11-09T18:11:12 IST" skipped="0">
  <testcase classname="testng.Annotations" name="mobile" time="7.802"/>
  <testcase classname="testng.Annotations" name="shoes" time="9.484"/>
</testsuite> <!-- testng.Annotations -->
