<?xml version="1.0" encoding="UTF-8"?>
<!-- Generated by org.testng.reporters.JUnitReportReporter -->
<testsuite hostname="DESKTOP-SRHFCHF" failures="0" tests="2" name="testng.Demo" time="36.702" errors="0" timestamp="2024-12-07T16:29:00 IST" skipped="0">
  <testcase classname="testng.Demo" name="GooglrSearch" time="17.001"/>
  <testcase classname="testng.Demo" name="Facebook" time="19.701"/>
</testsuite> <!-- testng.Demo -->
